=== 2026-02-25 05:00:01 ===
Open PRs found - needs review
[{"author":{"id":"U_kgDOD2pY1w","is_bot":false,"login":"ClawCorpinc","name":"ClawCorp"},"number":23,"title":"docs: Complete documentation and examples for v0.1"},{"author":{"id":"U_kgDOD2pY1w","is_bot":false,"login":"ClawCorpinc","name":"ClawCorp"},"number":22,"title":"feat(cli): implement proper --dry-run with zero DB writes"}]
Open issues checked
Done
On branch feature/dry-run-implementation
Untracked files:
  (use "git add <file>..." to include in what will be committed)
	cron.log

nothing added to commit but untracked files present (use "git add" to track)
=== 2026-02-25 06:00:01 ===
Open PRs found - needs review
[{"author":{"id":"U_kgDOD2pY1w","is_bot":false,"login":"ClawCorpinc","name":"ClawCorp"},"number":24,"title":"feat: Plugin System for Update/Decay Strategies"},{"author":{"id":"U_kgDOD2pY1w","is_bot":false,"login":"ClawCorpinc","name":"ClawCorp"},"number":23,"title":"docs: Complete documentation and examples for v0.1"},{"author":{"id":"U_kgDOD2pY1w","is_bot":false,"login":"ClawCorpinc","name":"ClawCorp"},"number":22,"title":"feat(cli): implement proper --dry-run with zero DB writes"}]
Open issues checked
Heartbeat time - posting to team chat
Done
On branch feature/dry-run-implementation
Untracked files:
  (use "git add <file>..." to include in what will be committed)
	cron.log

nothing added to commit but untracked files present (use "git add" to track)
=== 2026-02-25 07:00:02 ===
Open PRs found - needs review
[{"author":{"id":"U_kgDOD2pY1w","is_bot":false,"login":"ClawCorpinc","name":"ClawCorp"},"number":24,"title":"feat: Plugin System for Update/Decay Strategies"},{"author":{"id":"U_kgDOD2pY1w","is_bot":false,"login":"ClawCorpinc","name":"ClawCorp"},"number":23,"title":"docs: Complete documentation and examples for v0.1"},{"author":{"id":"U_kgDOD2pY1w","is_bot":false,"login":"ClawCorpinc","name":"ClawCorp"},"number":22,"title":"feat(cli): implement proper --dry-run with zero DB writes"}]
Open issues checked
Done
On branch feature/dry-run-implementation
Untracked files:
  (use "git add <file>..." to include in what will be committed)
	cron.log

nothing added to commit but untracked files present (use "git add" to track)
=== 2026-02-25 08:00:01 ===
Open PRs found - needs review
[{"author":{"id":"U_kgDOD2pY1w","is_bot":false,"login":"ClawCorpinc","name":"ClawCorp"},"number":24,"title":"feat: Plugin System for Update/Decay Strategies"},{"author":{"id":"U_kgDOD2pY1w","is_bot":false,"login":"ClawCorpinc","name":"ClawCorp"},"number":23,"title":"docs: Complete documentation and examples for v0.1"},{"author":{"id":"U_kgDOD2pY1w","is_bot":false,"login":"ClawCorpinc","name":"ClawCorp"},"number":22,"title":"feat(cli): implement proper --dry-run with zero DB writes"}]
Open issues checked
Done
On branch feature/dry-run-implementation
Untracked files:
  (use "git add <file>..." to include in what will be committed)
	cron.log

nothing added to commit but untracked files present (use "git add" to track)
=== 2026-02-25 09:00:01 ===
Open PRs found - needs review
[{"author":{"id":"U_kgDOD2pY1w","is_bot":false,"login":"ClawCorpinc","name":"ClawCorp"},"number":24,"title":"feat: Plugin System for Update/Decay Strategies"},{"author":{"id":"U_kgDOD2pY1w","is_bot":false,"login":"ClawCorpinc","name":"ClawCorp"},"number":23,"title":"docs: Complete documentation and examples for v0.1"}]
Open issues checked
Done
On branch feature/dry-run-implementation
Untracked files:
  (use "git add <file>..." to include in what will be committed)
	cron.log

nothing added to commit but untracked files present (use "git add" to track)
=== 2026-02-25 10:00:01 ===
Open PRs found - needs review
[{"author":{"id":"U_kgDOD2pY1w","is_bot":false,"login":"ClawCorpinc","name":"ClawCorp"},"number":24,"title":"feat: Plugin System for Update/Decay Strategies"},{"author":{"id":"U_kgDOD2pY1w","is_bot":false,"login":"ClawCorpinc","name":"ClawCorp"},"number":23,"title":"docs: Complete documentation and examples for v0.1"}]
Open issues checked
Done
On branch feature/dry-run-implementation
Untracked files:
  (use "git add <file>..." to include in what will be committed)
	cron.log

nothing added to commit but untracked files present (use "git add" to track)
=== 2026-02-25 11:00:01 ===
Open PRs found - needs review
[{"author":{"id":"U_kgDOD2pY1w","is_bot":false,"login":"ClawCorpinc","name":"ClawCorp"},"number":27,"title":"feat: add optional web dashboard"},{"author":{"id":"U_kgDOD2pY1w","is_bot":false,"login":"ClawCorpinc","name":"ClawCorp"},"number":26,"title":"feat: add multi-market abstraction"},{"author":{"id":"U_kgDOD2pY1w","is_bot":false,"login":"ClawCorpinc","name":"ClawCorp"},"number":25,"title":"feat: add reliability abstraction with namespace fallback"},{"author":{"id":"U_kgDOD2pY1w","is_bot":false,"login":"ClawCorpinc","name":"ClawCorp"},"number":24,"title":"feat: Plugin System for Update/Decay Strategies"},{"author":{"id":"U_kgDOD2pY1w","is_bot":false,"login":"ClawCorpinc","name":"ClawCorp"},"number":23,"title":"docs: Complete documentation and examples for v0.1"}]
Open issues checked
Done
On branch feature/dry-run-implementation
Untracked files:
  (use "git add <file>..." to include in what will be committed)
	cron.log

nothing added to commit but untracked files present (use "git add" to track)
=== 2026-02-25 12:00:01 ===
Open PRs found - needs review
[{"author":{"id":"U_kgDOD2pY1w","is_bot":false,"login":"ClawCorpinc","name":"ClawCorp"},"number":27,"title":"feat: add optional web dashboard"},{"author":{"id":"U_kgDOD2pY1w","is_bot":false,"login":"ClawCorpinc","name":"ClawCorp"},"number":26,"title":"feat: add multi-market abstraction"},{"author":{"id":"U_kgDOD2pY1w","is_bot":false,"login":"ClawCorpinc","name":"ClawCorp"},"number":25,"title":"feat: add reliability abstraction with namespace fallback"},{"author":{"id":"U_kgDOD2pY1w","is_bot":false,"login":"ClawCorpinc","name":"ClawCorp"},"number":24,"title":"feat: Plugin System for Update/Decay Strategies"},{"author":{"id":"U_kgDOD2pY1w","is_bot":false,"login":"ClawCorpinc","name":"ClawCorp"},"number":23,"title":"docs: Complete documentation and examples for v0.1"}]
Open issues checked
Heartbeat time - posting to team chat
Done
On branch feature/dry-run-implementation
Untracked files:
  (use "git add <file>..." to include in what will be committed)
	cron.log

nothing added to commit but untracked files present (use "git add" to track)
=== 2026-02-25 13:00:01 ===
Open PRs found - needs review
[{"author":{"id":"U_kgDOD2pY1w","is_bot":false,"login":"ClawCorpinc","name":"ClawCorp"},"number":27,"title":"feat: add optional web dashboard"},{"author":{"id":"U_kgDOD2pY1w","is_bot":false,"login":"ClawCorpinc","name":"ClawCorp"},"number":26,"title":"feat: add multi-market abstraction"},{"author":{"id":"U_kgDOD2pY1w","is_bot":false,"login":"ClawCorpinc","name":"ClawCorp"},"number":25,"title":"feat: add reliability abstraction with namespace fallback"},{"author":{"id":"U_kgDOD2pY1w","is_bot":false,"login":"ClawCorpinc","name":"ClawCorp"},"number":24,"title":"feat: Plugin System for Update/Decay Strategies"},{"author":{"id":"U_kgDOD2pY1w","is_bot":false,"login":"ClawCorpinc","name":"ClawCorp"},"number":23,"title":"docs: Complete documentation and examples for v0.1"}]
Open issues checked
Done
On branch feature/dry-run-implementation
Untracked files:
  (use "git add <file>..." to include in what will be committed)
	cron.log

nothing added to commit but untracked files present (use "git add" to track)
=== 2026-02-25 14:00:01 ===
Open PRs found - needs review
[{"author":{"id":"U_kgDOD2pY1w","is_bot":false,"login":"ClawCorpinc","name":"ClawCorp"},"number":27,"title":"feat: add optional web dashboard"},{"author":{"id":"U_kgDOD2pY1w","is_bot":false,"login":"ClawCorpinc","name":"ClawCorp"},"number":26,"title":"feat: add multi-market abstraction"},{"author":{"id":"U_kgDOD2pY1w","is_bot":false,"login":"ClawCorpinc","name":"ClawCorp"},"number":25,"title":"feat: add reliability abstraction with namespace fallback"},{"author":{"id":"U_kgDOD2pY1w","is_bot":false,"login":"ClawCorpinc","name":"ClawCorp"},"number":24,"title":"feat: Plugin System for Update/Decay Strategies"},{"author":{"id":"U_kgDOD2pY1w","is_bot":false,"login":"ClawCorpinc","name":"ClawCorp"},"number":23,"title":"docs: Complete documentation and examples for v0.1"}]
Open issues checked
Done
On branch feature/dry-run-implementation
Untracked files:
  (use "git add <file>..." to include in what will be committed)
	cron.log

nothing added to commit but untracked files present (use "git add" to track)
=== 2026-02-25 15:00:02 ===
Open PRs found - needs review
[{"author":{"id":"U_kgDOD2pY1w","is_bot":false,"login":"ClawCorpinc","name":"ClawCorp"},"number":27,"title":"feat: add optional web dashboard"},{"author":{"id":"U_kgDOD2pY1w","is_bot":false,"login":"ClawCorpinc","name":"ClawCorp"},"number":26,"title":"feat: add multi-market abstraction"},{"author":{"id":"U_kgDOD2pY1w","is_bot":false,"login":"ClawCorpinc","name":"ClawCorp"},"number":25,"title":"feat: add reliability abstraction with namespace fallback"},{"author":{"id":"U_kgDOD2pY1w","is_bot":false,"login":"ClawCorpinc","name":"ClawCorp"},"number":24,"title":"feat: Plugin System for Update/Decay Strategies"},{"author":{"id":"U_kgDOD2pY1w","is_bot":false,"login":"ClawCorpinc","name":"ClawCorp"},"number":23,"title":"docs: Complete documentation and examples for v0.1"}]
Open issues checked
Done
On branch feature/dry-run-implementation
Untracked files:
  (use "git add <file>..." to include in what will be committed)
	cron.log

nothing added to commit but untracked files present (use "git add" to track)
=== 2026-02-25 16:00:01 ===
Open PRs found - needs review
[{"author":{"id":"U_kgDOD2pY1w","is_bot":false,"login":"ClawCorpinc","name":"ClawCorp"},"number":27,"title":"feat: add optional web dashboard"},{"author":{"id":"U_kgDOD2pY1w","is_bot":false,"login":"ClawCorpinc","name":"ClawCorp"},"number":26,"title":"feat: add multi-market abstraction"},{"author":{"id":"U_kgDOD2pY1w","is_bot":false,"login":"ClawCorpinc","name":"ClawCorp"},"number":25,"title":"feat: add reliability abstraction with namespace fallback"},{"author":{"id":"U_kgDOD2pY1w","is_bot":false,"login":"ClawCorpinc","name":"ClawCorp"},"number":24,"title":"feat: Plugin System for Update/Decay Strategies"},{"author":{"id":"U_kgDOD2pY1w","is_bot":false,"login":"ClawCorpinc","name":"ClawCorp"},"number":23,"title":"docs: Complete documentation and examples for v0.1"}]
Open issues checked
Done
On branch feature/dry-run-implementation
Untracked files:
  (use "git add <file>..." to include in what will be committed)
	cron.log

nothing added to commit but untracked files present (use "git add" to track)
=== 2026-02-25 17:00:01 ===
Open PRs found - needs review
[{"author":{"id":"U_kgDOD2pY1w","is_bot":false,"login":"ClawCorpinc","name":"ClawCorp"},"number":27,"title":"feat: add optional web dashboard"},{"author":{"id":"U_kgDOD2pY1w","is_bot":false,"login":"ClawCorpinc","name":"ClawCorp"},"number":26,"title":"feat: add multi-market abstraction"},{"author":{"id":"U_kgDOD2pY1w","is_bot":false,"login":"ClawCorpinc","name":"ClawCorp"},"number":25,"title":"feat: add reliability abstraction with namespace fallback"},{"author":{"id":"U_kgDOD2pY1w","is_bot":false,"login":"ClawCorpinc","name":"ClawCorp"},"number":24,"title":"feat: Plugin System for Update/Decay Strategies"},{"author":{"id":"U_kgDOD2pY1w","is_bot":false,"login":"ClawCorpinc","name":"ClawCorp"},"number":23,"title":"docs: Complete documentation and examples for v0.1"}]
Open issues checked
Done
On branch feature/dry-run-implementation
Untracked files:
  (use "git add <file>..." to include in what will be committed)
	cron.log

nothing added to commit but untracked files present (use "git add" to track)
=== 2026-02-25 18:00:01 ===
Open PRs found - needs review
[{"author":{"id":"U_kgDOD2pY1w","is_bot":false,"login":"ClawCorpinc","name":"ClawCorp"},"number":27,"title":"feat: add optional web dashboard"},{"author":{"id":"U_kgDOD2pY1w","is_bot":false,"login":"ClawCorpinc","name":"ClawCorp"},"number":26,"title":"feat: add multi-market abstraction"},{"author":{"id":"U_kgDOD2pY1w","is_bot":false,"login":"ClawCorpinc","name":"ClawCorp"},"number":25,"title":"feat: add reliability abstraction with namespace fallback"},{"author":{"id":"U_kgDOD2pY1w","is_bot":false,"login":"ClawCorpinc","name":"ClawCorp"},"number":24,"title":"feat: Plugin System for Update/Decay Strategies"},{"author":{"id":"U_kgDOD2pY1w","is_bot":false,"login":"ClawCorpinc","name":"ClawCorp"},"number":23,"title":"docs: Complete documentation and examples for v0.1"}]
Open issues checked
Heartbeat time - posting to team chat
Done
On branch feature/dry-run-implementation
Untracked files:
  (use "git add <file>..." to include in what will be committed)
	cron.log

nothing added to commit but untracked files present (use "git add" to track)
=== 2026-02-25 19:00:01 ===
Open PRs found - needs review
[{"author":{"id":"U_kgDOD2pY1w","is_bot":false,"login":"ClawCorpinc","name":"ClawCorp"},"number":27,"title":"feat: add optional web dashboard"},{"author":{"id":"U_kgDOD2pY1w","is_bot":false,"login":"ClawCorpinc","name":"ClawCorp"},"number":26,"title":"feat: add multi-market abstraction"},{"author":{"id":"U_kgDOD2pY1w","is_bot":false,"login":"ClawCorpinc","name":"ClawCorp"},"number":25,"title":"feat: add reliability abstraction with namespace fallback"},{"author":{"id":"U_kgDOD2pY1w","is_bot":false,"login":"ClawCorpinc","name":"ClawCorp"},"number":24,"title":"feat: Plugin System for Update/Decay Strategies"},{"author":{"id":"U_kgDOD2pY1w","is_bot":false,"login":"ClawCorpinc","name":"ClawCorp"},"number":23,"title":"docs: Complete documentation and examples for v0.1"}]
Open issues checked
Done
On branch feature/dry-run-implementation
Untracked files:
  (use "git add <file>..." to include in what will be committed)
	cron.log

nothing added to commit but untracked files present (use "git add" to track)
=== 2026-02-25 20:00:01 ===
Open PRs found - needs review
[{"author":{"id":"U_kgDOD2pY1w","is_bot":false,"login":"ClawCorpinc","name":"ClawCorp"},"number":27,"title":"feat: add optional web dashboard"},{"author":{"id":"U_kgDOD2pY1w","is_bot":false,"login":"ClawCorpinc","name":"ClawCorp"},"number":26,"title":"feat: add multi-market abstraction"},{"author":{"id":"U_kgDOD2pY1w","is_bot":false,"login":"ClawCorpinc","name":"ClawCorp"},"number":25,"title":"feat: add reliability abstraction with namespace fallback"},{"author":{"id":"U_kgDOD2pY1w","is_bot":false,"login":"ClawCorpinc","name":"ClawCorp"},"number":24,"title":"feat: Plugin System for Update/Decay Strategies"},{"author":{"id":"U_kgDOD2pY1w","is_bot":false,"login":"ClawCorpinc","name":"ClawCorp"},"number":23,"title":"docs: Complete documentation and examples for v0.1"}]
Open issues checked
Done
On branch feature/dry-run-implementation
Untracked files:
  (use "git add <file>..." to include in what will be committed)
	cron.log

nothing added to commit but untracked files present (use "git add" to track)
=== 2026-02-25 21:00:01 ===
Open PRs found - needs review
[{"author":{"id":"U_kgDOD2pY1w","is_bot":false,"login":"ClawCorpinc","name":"ClawCorp"},"number":27,"title":"feat: add optional web dashboard"},{"author":{"id":"U_kgDOD2pY1w","is_bot":false,"login":"ClawCorpinc","name":"ClawCorp"},"number":26,"title":"feat: add multi-market abstraction"},{"author":{"id":"U_kgDOD2pY1w","is_bot":false,"login":"ClawCorpinc","name":"ClawCorp"},"number":25,"title":"feat: add reliability abstraction with namespace fallback"},{"author":{"id":"U_kgDOD2pY1w","is_bot":false,"login":"ClawCorpinc","name":"ClawCorp"},"number":24,"title":"feat: Plugin System for Update/Decay Strategies"},{"author":{"id":"U_kgDOD2pY1w","is_bot":false,"login":"ClawCorpinc","name":"ClawCorp"},"number":23,"title":"docs: Complete documentation and examples for v0.1"}]
Open issues checked
Done
On branch feature/dry-run-implementation
Untracked files:
  (use "git add <file>..." to include in what will be committed)
	cron.log

nothing added to commit but untracked files present (use "git add" to track)
=== 2026-02-25 22:00:01 ===
Open PRs found - needs review
[{"author":{"id":"U_kgDOD2pY1w","is_bot":false,"login":"ClawCorpinc","name":"ClawCorp"},"number":27,"title":"feat: add optional web dashboard"},{"author":{"id":"U_kgDOD2pY1w","is_bot":false,"login":"ClawCorpinc","name":"ClawCorp"},"number":26,"title":"feat: add multi-market abstraction"},{"author":{"id":"U_kgDOD2pY1w","is_bot":false,"login":"ClawCorpinc","name":"ClawCorp"},"number":25,"title":"feat: add reliability abstraction with namespace fallback"},{"author":{"id":"U_kgDOD2pY1w","is_bot":false,"login":"ClawCorpinc","name":"ClawCorp"},"number":24,"title":"feat: Plugin System for Update/Decay Strategies"},{"author":{"id":"U_kgDOD2pY1w","is_bot":false,"login":"ClawCorpinc","name":"ClawCorp"},"number":23,"title":"docs: Complete documentation and examples for v0.1"}]
Open issues checked
Done
On branch feature/dry-run-implementation
Untracked files:
  (use "git add <file>..." to include in what will be committed)
	cron.log

nothing added to commit but untracked files present (use "git add" to track)
=== 2026-02-25 23:00:01 ===
Open PRs found - needs review
[{"author":{"id":"U_kgDOD2pY1w","is_bot":false,"login":"ClawCorpinc","name":"ClawCorp"},"number":27,"title":"feat: add optional web dashboard"},{"author":{"id":"U_kgDOD2pY1w","is_bot":false,"login":"ClawCorpinc","name":"ClawCorp"},"number":26,"title":"feat: add multi-market abstraction"},{"author":{"id":"U_kgDOD2pY1w","is_bot":false,"login":"ClawCorpinc","name":"ClawCorp"},"number":25,"title":"feat: add reliability abstraction with namespace fallback"},{"author":{"id":"U_kgDOD2pY1w","is_bot":false,"login":"ClawCorpinc","name":"ClawCorp"},"number":24,"title":"feat: Plugin System for Update/Decay Strategies"},{"author":{"id":"U_kgDOD2pY1w","is_bot":false,"login":"ClawCorpinc","name":"ClawCorp"},"number":23,"title":"docs: Complete documentation and examples for v0.1"}]
Open issues checked
Done
On branch feature/dry-run-implementation
Untracked files:
  (use "git add <file>..." to include in what will be committed)
	cron.log

nothing added to commit but untracked files present (use "git add" to track)
=== 2026-02-26 00:00:01 ===
Open PRs found - needs review
[{"author":{"id":"U_kgDOD2pY1w","is_bot":false,"login":"ClawCorpinc","name":"ClawCorp"},"number":27,"title":"feat: add optional web dashboard"},{"author":{"id":"U_kgDOD2pY1w","is_bot":false,"login":"ClawCorpinc","name":"ClawCorp"},"number":26,"title":"feat: add multi-market abstraction"},{"author":{"id":"U_kgDOD2pY1w","is_bot":false,"login":"ClawCorpinc","name":"ClawCorp"},"number":25,"title":"feat: add reliability abstraction with namespace fallback"},{"author":{"id":"U_kgDOD2pY1w","is_bot":false,"login":"ClawCorpinc","name":"ClawCorp"},"number":24,"title":"feat: Plugin System for Update/Decay Strategies"},{"author":{"id":"U_kgDOD2pY1w","is_bot":false,"login":"ClawCorpinc","name":"ClawCorp"},"number":23,"title":"docs: Complete documentation and examples for v0.1"}]
Open issues checked
Heartbeat time - posting to team chat
Done
On branch feature/dry-run-implementation
Untracked files:
  (use "git add <file>..." to include in what will be committed)
	cron.log

nothing added to commit but untracked files present (use "git add" to track)
=== 2026-02-26 01:00:01 ===
Open PRs found - needs review
[{"author":{"id":"U_kgDOD2pY1w","is_bot":false,"login":"ClawCorpinc","name":"ClawCorp"},"number":27,"title":"feat: add optional web dashboard"},{"author":{"id":"U_kgDOD2pY1w","is_bot":false,"login":"ClawCorpinc","name":"ClawCorp"},"number":26,"title":"feat: add multi-market abstraction"},{"author":{"id":"U_kgDOD2pY1w","is_bot":false,"login":"ClawCorpinc","name":"ClawCorp"},"number":25,"title":"feat: add reliability abstraction with namespace fallback"},{"author":{"id":"U_kgDOD2pY1w","is_bot":false,"login":"ClawCorpinc","name":"ClawCorp"},"number":24,"title":"feat: Plugin System for Update/Decay Strategies"},{"author":{"id":"U_kgDOD2pY1w","is_bot":false,"login":"ClawCorpinc","name":"ClawCorp"},"number":23,"title":"docs: Complete documentation and examples for v0.1"}]
Open issues checked
Done
On branch feature/dry-run-implementation
Untracked files:
  (use "git add <file>..." to include in what will be committed)
	cron.log

nothing added to commit but untracked files present (use "git add" to track)
=== 2026-02-26 02:00:01 ===
Open PRs found - needs review
[{"author":{"id":"U_kgDOD2pY1w","is_bot":false,"login":"ClawCorpinc","name":"ClawCorp"},"number":27,"title":"feat: add optional web dashboard"},{"author":{"id":"U_kgDOD2pY1w","is_bot":false,"login":"ClawCorpinc","name":"ClawCorp"},"number":26,"title":"feat: add multi-market abstraction"},{"author":{"id":"U_kgDOD2pY1w","is_bot":false,"login":"ClawCorpinc","name":"ClawCorp"},"number":25,"title":"feat: add reliability abstraction with namespace fallback"},{"author":{"id":"U_kgDOD2pY1w","is_bot":false,"login":"ClawCorpinc","name":"ClawCorp"},"number":24,"title":"feat: Plugin System for Update/Decay Strategies"},{"author":{"id":"U_kgDOD2pY1w","is_bot":false,"login":"ClawCorpinc","name":"ClawCorp"},"number":23,"title":"docs: Complete documentation and examples for v0.1"}]
Open issues checked
Done
On branch feature/dry-run-implementation
Untracked files:
  (use "git add <file>..." to include in what will be committed)
	cron.log

nothing added to commit but untracked files present (use "git add" to track)
=== 2026-02-26 03:00:01 ===
Open PRs found - needs review
[{"author":{"id":"U_kgDOD2pY1w","is_bot":false,"login":"ClawCorpinc","name":"ClawCorp"},"number":27,"title":"feat: add optional web dashboard"},{"author":{"id":"U_kgDOD2pY1w","is_bot":false,"login":"ClawCorpinc","name":"ClawCorp"},"number":26,"title":"feat: add multi-market abstraction"},{"author":{"id":"U_kgDOD2pY1w","is_bot":false,"login":"ClawCorpinc","name":"ClawCorp"},"number":25,"title":"feat: add reliability abstraction with namespace fallback"},{"author":{"id":"U_kgDOD2pY1w","is_bot":false,"login":"ClawCorpinc","name":"ClawCorp"},"number":24,"title":"feat: Plugin System for Update/Decay Strategies"},{"author":{"id":"U_kgDOD2pY1w","is_bot":false,"login":"ClawCorpinc","name":"ClawCorp"},"number":23,"title":"docs: Complete documentation and examples for v0.1"}]
Open issues checked
Done
On branch feature/dry-run-implementation
Untracked files:
  (use "git add <file>..." to include in what will be committed)
	cron.log

nothing added to commit but untracked files present (use "git add" to track)
=== 2026-02-26 04:00:01 ===
Open PRs found - needs review
[{"author":{"id":"U_kgDOD2pY1w","is_bot":false,"login":"ClawCorpinc","name":"ClawCorp"},"number":27,"title":"feat: add optional web dashboard"},{"author":{"id":"U_kgDOD2pY1w","is_bot":false,"login":"ClawCorpinc","name":"ClawCorp"},"number":26,"title":"feat: add multi-market abstraction"},{"author":{"id":"U_kgDOD2pY1w","is_bot":false,"login":"ClawCorpinc","name":"ClawCorp"},"number":25,"title":"feat: add reliability abstraction with namespace fallback"},{"author":{"id":"U_kgDOD2pY1w","is_bot":false,"login":"ClawCorpinc","name":"ClawCorp"},"number":24,"title":"feat: Plugin System for Update/Decay Strategies"},{"author":{"id":"U_kgDOD2pY1w","is_bot":false,"login":"ClawCorpinc","name":"ClawCorp"},"number":23,"title":"docs: Complete documentation and examples for v0.1"}]
Open issues checked
Done
On branch feature/dry-run-implementation
Untracked files:
  (use "git add <file>..." to include in what will be committed)
	cron.log

nothing added to commit but untracked files present (use "git add" to track)
=== 2026-02-26 05:00:01 ===
Open PRs found - needs review
[{"author":{"id":"U_kgDOD2pY1w","is_bot":false,"login":"ClawCorpinc","name":"ClawCorp"},"number":27,"title":"feat: add optional web dashboard"},{"author":{"id":"U_kgDOD2pY1w","is_bot":false,"login":"ClawCorpinc","name":"ClawCorp"},"number":26,"title":"feat: add multi-market abstraction"},{"author":{"id":"U_kgDOD2pY1w","is_bot":false,"login":"ClawCorpinc","name":"ClawCorp"},"number":25,"title":"feat: add reliability abstraction with namespace fallback"},{"author":{"id":"U_kgDOD2pY1w","is_bot":false,"login":"ClawCorpinc","name":"ClawCorp"},"number":24,"title":"feat: Plugin System for Update/Decay Strategies"},{"author":{"id":"U_kgDOD2pY1w","is_bot":false,"login":"ClawCorpinc","name":"ClawCorp"},"number":23,"title":"docs: Complete documentation and examples for v0.1"}]
Open issues checked
Done
On branch feature/dry-run-implementation
Untracked files:
  (use "git add <file>..." to include in what will be committed)
	cron.log

nothing added to commit but untracked files present (use "git add" to track)
=== 2026-02-26 06:00:01 ===
Open PRs found - needs review
[{"author":{"id":"U_kgDOD2pY1w","is_bot":false,"login":"ClawCorpinc","name":"ClawCorp"},"number":27,"title":"feat: add optional web dashboard"},{"author":{"id":"U_kgDOD2pY1w","is_bot":false,"login":"ClawCorpinc","name":"ClawCorp"},"number":26,"title":"feat: add multi-market abstraction"},{"author":{"id":"U_kgDOD2pY1w","is_bot":false,"login":"ClawCorpinc","name":"ClawCorp"},"number":25,"title":"feat: add reliability abstraction with namespace fallback"},{"author":{"id":"U_kgDOD2pY1w","is_bot":false,"login":"ClawCorpinc","name":"ClawCorp"},"number":24,"title":"feat: Plugin System for Update/Decay Strategies"},{"author":{"id":"U_kgDOD2pY1w","is_bot":false,"login":"ClawCorpinc","name":"ClawCorp"},"number":23,"title":"docs: Complete documentation and examples for v0.1"}]
Open issues checked
Heartbeat time - posting to team chat
Done
On branch feature/dry-run-implementation
Untracked files:
  (use "git add <file>..." to include in what will be committed)
	cron.log

nothing added to commit but untracked files present (use "git add" to track)
=== 2026-02-26 07:00:01 ===
Open PRs found - needs review
[{"author":{"id":"U_kgDOD2pY1w","is_bot":false,"login":"ClawCorpinc","name":"ClawCorp"},"number":27,"title":"feat: add optional web dashboard"},{"author":{"id":"U_kgDOD2pY1w","is_bot":false,"login":"ClawCorpinc","name":"ClawCorp"},"number":26,"title":"feat: add multi-market abstraction"},{"author":{"id":"U_kgDOD2pY1w","is_bot":false,"login":"ClawCorpinc","name":"ClawCorp"},"number":25,"title":"feat: add reliability abstraction with namespace fallback"},{"author":{"id":"U_kgDOD2pY1w","is_bot":false,"login":"ClawCorpinc","name":"ClawCorp"},"number":24,"title":"feat: Plugin System for Update/Decay Strategies"},{"author":{"id":"U_kgDOD2pY1w","is_bot":false,"login":"ClawCorpinc","name":"ClawCorp"},"number":23,"title":"docs: Complete documentation and examples for v0.1"}]
Open issues checked
Done
On branch feature/dry-run-implementation
Untracked files:
  (use "git add <file>..." to include in what will be committed)
	cron.log

nothing added to commit but untracked files present (use "git add" to track)
=== 2026-02-26 08:00:01 ===
Open PRs found - needs review
[{"author":{"id":"U_kgDOD2pY1w","is_bot":false,"login":"ClawCorpinc","name":"ClawCorp"},"number":27,"title":"feat: add optional web dashboard"},{"author":{"id":"U_kgDOD2pY1w","is_bot":false,"login":"ClawCorpinc","name":"ClawCorp"},"number":26,"title":"feat: add multi-market abstraction"},{"author":{"id":"U_kgDOD2pY1w","is_bot":false,"login":"ClawCorpinc","name":"ClawCorp"},"number":25,"title":"feat: add reliability abstraction with namespace fallback"},{"author":{"id":"U_kgDOD2pY1w","is_bot":false,"login":"ClawCorpinc","name":"ClawCorp"},"number":24,"title":"feat: Plugin System for Update/Decay Strategies"},{"author":{"id":"U_kgDOD2pY1w","is_bot":false,"login":"ClawCorpinc","name":"ClawCorp"},"number":23,"title":"docs: Complete documentation and examples for v0.1"}]
Open issues checked
Done
On branch feature/dry-run-implementation
Untracked files:
  (use "git add <file>..." to include in what will be committed)
	cron.log

nothing added to commit but untracked files present (use "git add" to track)
=== 2026-02-26 09:00:01 ===
Open PRs found - needs review
[{"author":{"id":"U_kgDOD2pY1w","is_bot":false,"login":"ClawCorpinc","name":"ClawCorp"},"number":27,"title":"feat: add optional web dashboard"},{"author":{"id":"U_kgDOD2pY1w","is_bot":false,"login":"ClawCorpinc","name":"ClawCorp"},"number":26,"title":"feat: add multi-market abstraction"},{"author":{"id":"U_kgDOD2pY1w","is_bot":false,"login":"ClawCorpinc","name":"ClawCorp"},"number":25,"title":"feat: add reliability abstraction with namespace fallback"},{"author":{"id":"U_kgDOD2pY1w","is_bot":false,"login":"ClawCorpinc","name":"ClawCorp"},"number":24,"title":"feat: Plugin System for Update/Decay Strategies"},{"author":{"id":"U_kgDOD2pY1w","is_bot":false,"login":"ClawCorpinc","name":"ClawCorp"},"number":23,"title":"docs: Complete documentation and examples for v0.1"}]
Open issues checked
Done
On branch feature/dry-run-implementation
Untracked files:
  (use "git add <file>..." to include in what will be committed)
	cron.log

nothing added to commit but untracked files present (use "git add" to track)
=== 2026-02-26 10:00:01 ===
Open PRs found - needs review
[{"author":{"id":"U_kgDOD2pY1w","is_bot":false,"login":"ClawCorpinc","name":"ClawCorp"},"number":27,"title":"feat: add optional web dashboard"},{"author":{"id":"U_kgDOD2pY1w","is_bot":false,"login":"ClawCorpinc","name":"ClawCorp"},"number":26,"title":"feat: add multi-market abstraction"},{"author":{"id":"U_kgDOD2pY1w","is_bot":false,"login":"ClawCorpinc","name":"ClawCorp"},"number":25,"title":"feat: add reliability abstraction with namespace fallback"},{"author":{"id":"U_kgDOD2pY1w","is_bot":false,"login":"ClawCorpinc","name":"ClawCorp"},"number":24,"title":"feat: Plugin System for Update/Decay Strategies"},{"author":{"id":"U_kgDOD2pY1w","is_bot":false,"login":"ClawCorpinc","name":"ClawCorp"},"number":23,"title":"docs: Complete documentation and examples for v0.1"}]
Open issues checked
Done
On branch feature/dry-run-implementation
Untracked files:
  (use "git add <file>..." to include in what will be committed)
	cron.log

nothing added to commit but untracked files present (use "git add" to track)
=== 2026-02-26 11:00:01 ===
Open PRs found - needs review
[{"author":{"id":"U_kgDOD2pY1w","is_bot":false,"login":"ClawCorpinc","name":"ClawCorp"},"number":27,"title":"feat: add optional web dashboard"},{"author":{"id":"U_kgDOD2pY1w","is_bot":false,"login":"ClawCorpinc","name":"ClawCorp"},"number":26,"title":"feat: add multi-market abstraction"},{"author":{"id":"U_kgDOD2pY1w","is_bot":false,"login":"ClawCorpinc","name":"ClawCorp"},"number":25,"title":"feat: add reliability abstraction with namespace fallback"},{"author":{"id":"U_kgDOD2pY1w","is_bot":false,"login":"ClawCorpinc","name":"ClawCorp"},"number":24,"title":"feat: Plugin System for Update/Decay Strategies"},{"author":{"id":"U_kgDOD2pY1w","is_bot":false,"login":"ClawCorpinc","name":"ClawCorp"},"number":23,"title":"docs: Complete documentation and examples for v0.1"}]
Open issues checked
Done
On branch feature/dry-run-implementation
Untracked files:
  (use "git add <file>..." to include in what will be committed)
	cron.log

nothing added to commit but untracked files present (use "git add" to track)
